<?xml version="1.0"?>
<!DOCTYPE Configure PUBLIC "-" "http://www.eclipse.org/jetty/configure_9_0.dtd">
<Configure id="Server" class="org.eclipse.jetty.server.Server">
    <Call name="addBean">
        <Arg>
            <New class="org.eclipse.jetty.security.HashLoginService">
                <Set name="name">TestRealm</Set>
                <Set name="config"><SystemProperty name="jetty.home" default="." />/webapps/root/realm.properties</Set>
                <Set name="refreshInterval">60</Set>
                <Call name="start" />
            </New>
        </Arg>
    </Call>
</Configure>
